10: 538818217
5: 1904148347
6: 1679026275
7: 1650250681
5: 1922456506
4: 1239104927
9: 1434629475
2: 1401048398
9: 1604717077
9: 1574708151
2: 1056832277
7: 1987041817
8: 877671266
9: 1452004270
8: 347944970
3: 1465207600
6: 1636994251
4: 1691464470
3: 1739503861
6: 1923009361
1: 635242413
6: 1892084817
8: 1026601775
7: 1972670945
7: 1896953655
1: 1778633314
2: 1484020302
10: 35347942
4: 988315884
8: 327656493
1: 1430505038
5: 1798843363
6: 1537371530
3: 1937933665
3: 1937231622
1: 1263190316
1: 1657959273
5: 1792234309
3: 1730945653
1: 528130977
1: 457237722
5: 829047946
4: 1689186502
10: 1823983241
8: 508837067
1: 882903331
7: 1619336385
1: 469267836
3: 1683410098
6: 1299354966
2: 1514579737
10: 1287353549
1: 1938458658
7: 1607109638
10: 1358833196
1: 1349676415
4: 1557407251
4: 1544539185
4: 1482782072
10: 1278712793
8: 860867135
1: 502317869
4: 1443861806
5: 110587535
1: 495862081
10: 1337884132
5: 1804374008
6: 1578673122
10: 1606603173
10: 1567244892
10: 1310267410
10: 1291165249
9: 1744607550
1: 1898203504
9: 1242263465
10: 1809315174
1: 1668944965
9: 665352856
5: 1025185771
2: 1228440714
6: 1983728916
3: 1628303549
7: 1598454951
10: 589280117
2: 1622736593
8: 1955022605
4: 91852075
8: 1834610043
1: 1352385971
7: 1970091216
7: 267317267
2: 1239272900
1: 1488503064
6: 1339358025
7: 1654064253
6: 1062084216
9: 1787053745
9: 1771189094
6: 681185442
3: 748474766
2: 1086339393
9: 1753478692
4: 1886300636
10: 1769578687
2: 1695403154
6: 224698975
9: 1955436499
6: 1700736565
10: 1596768732
10: 1571600176
4: 388309050
7: 1989593284
3: 1095321745
1: 61962646
4: 134012016
3: 1017126535
8: 1642861847
7: 1636011303
6: 1974054994
8: 1468125159
5: 1860669195
5: 628101682
6: 1962719161
1: 1724494882
1: 1531387384
4: 1813349210
6: 1704149277
1: 1642715645
8: 1557540793
9: 1171528743
8: 465109104
6: 1688761284
4: 1804840660
7: 908436413
2: 355627029
2: 152176273
2: 78250115
4: 1888662648
1: 1221920856
3: 1875388235
2: 1935324343
6: 1838648274
10: 1094149022
8: 1371302879
5: 1984305839
10: 634256058
8: 540632885
6: 1815679503
1: 1803864046
6: 733200242
6: 282637496
1: 51748362
5: 1743899727
5: 1728007998
5: 1560704645
7: 1861344885
1: 979876722
5: 1511253712
5: 1494013345
5: 1838726198
8: 643726172
1: 222612044
3: 1733016788
5: 1794291337
5: 1653289089
6: 1851080934
5: 1443166378
4: 1313478990
6: 1460496491
9: 1753670039
4: 1284145414
4: 1279819866
9: 1701941444
4: 1352282353
6: 1960631655
8: 1750485550
7: 1556592371
8: 701701962
3: 1395414533
9: 1656549595
4: 640437681
4: 553609376
5: 1605162012
2: 678818794
3: 1980581359
2: 409204838
4: 1459546650
1: 1735440395
4: 261269353
7: 1821435763
6: 1390740726
8: 1718578016
6: 1345287722
10: 1791696283
1: 1550671618
8: 1055924327
8: 574429432
10: 1309366912
8: 1557103677
2: 1931362917
9: 1575898130
1: 711471520
